0 info it worked if it ends with ok
1 verbose cli [ 'node',
1 verbose cli   '/Users/shalomeir/.nvm/v0.10.32/bin/npm',
1 verbose cli   'run',
1 verbose cli   'server' ]
2 info using npm@2.7.5
3 info using node@v0.10.32
4 verbose run-script [ 'preserver', 'server', 'postserver' ]
5 info preserver static@0.0.0
6 info server static@0.0.0
7 verbose unsafe-perm in lifecycle true
8 info static@0.0.0 Failed to exec server script
9 verbose stack Error: static@0.0.0 server: `node server/index.js`
9 verbose stack Exit status 8
9 verbose stack     at EventEmitter.<anonymous> (/Users/shalomeir/.nvm/v0.10.32/lib/node_modules/npm/lib/utils/lifecycle.js:213:16)
9 verbose stack     at EventEmitter.emit (events.js:98:17)
9 verbose stack     at ChildProcess.<anonymous> (/Users/shalomeir/.nvm/v0.10.32/lib/node_modules/npm/lib/utils/spawn.js:14:12)
9 verbose stack     at ChildProcess.emit (events.js:98:17)
9 verbose stack     at maybeClose (child_process.js:756:16)
9 verbose stack     at Process.ChildProcess._handle.onexit (child_process.js:823:5)
10 verbose pkgid static@0.0.0
11 verbose cwd /Users/shalomeir/IdeaProjects/WebServiceResearch/django-react-integration/django_react_sample/myapp/static
12 error Darwin 14.3.0
13 error argv "node" "/Users/shalomeir/.nvm/v0.10.32/bin/npm" "run" "server"
14 error node v0.10.32
15 error npm  v2.7.5
16 error code ELIFECYCLE
17 error static@0.0.0 server: `node server/index.js`
17 error Exit status 8
18 error Failed at the static@0.0.0 server script 'node server/index.js'.
18 error This is most likely a problem with the static package,
18 error not with npm itself.
18 error Tell the author that this fails on your system:
18 error     node server/index.js
18 error You can get their info via:
18 error     npm owner ls static
18 error There is likely additional logging output above.
19 verbose exit [ 1, true ]
